<?xml version="1.0" encoding="UTF-8"?>
<coverage generated="1771585963086" clover="3.2.0">
  <project timestamp="1771585963086" name="All files">
    <metrics statements="19" coveredstatements="8" conditionals="3" coveredconditionals="1" methods="9" coveredmethods="2" elements="31" coveredelements="11" complexity="0" loc="19" ncloc="19" packages="1" files="2" classes="2"/>
    <file name="calculator.ts" path="/Users/georgepatterson/tasks/kraken/test-target-repo/src/calculator.ts">
      <metrics statements="8" coveredstatements="2" conditionals="1" coveredconditionals="0" methods="5" coveredmethods="1"/>
      <line num="1" count="1" type="stmt"/>
      <line num="3" count="1" type="stmt"/>
      <line num="7" count="0" type="stmt"/>
      <line num="11" count="0" type="stmt"/>
      <line num="15" count="0" type="cond" truecount="0" falsecount="1"/>
      <line num="16" count="0" type="stmt"/>
      <line num="18" count="0" type="stmt"/>
      <line num="22" count="0" type="stmt"/>
    </file>
    <file name="string-utils.ts" path="/Users/georgepatterson/tasks/kraken/test-target-repo/src/string-utils.ts">
      <metrics statements="11" coveredstatements="6" conditionals="2" coveredconditionals="1" methods="4" coveredmethods="1"/>
      <line num="1" count="1" type="stmt"/>
      <line num="2" count="2" type="cond" truecount="1" falsecount="0"/>
      <line num="3" count="1" type="stmt"/>
      <line num="6" count="1" type="stmt"/>
      <line num="7" count="0" type="stmt"/>
      <line num="10" count="1" type="stmt"/>
      <line num="11" count="0" type="cond" truecount="0" falsecount="1"/>
      <line num="12" count="0" type="stmt"/>
      <line num="15" count="1" type="stmt"/>
      <line num="16" count="0" type="stmt"/>
      <line num="17" count="0" type="stmt"/>
    </file>
  </project>
</coverage>
