{"/app/src/string-utils.ts": {"path":"/app/src/string-utils.ts","statementMap":{"0":{"start":{"line":1,"column":0},"end":{"line":1,"column":16}},"1":{"start":{"line":6,"column":0},"end":{"line":6,"column":16}},"2":{"start":{"line":10,"column":0},"end":{"line":10,"column":16}},"3":{"start":{"line":15,"column":0},"end":{"line":15,"column":16}},"4":{"start":{"line":2,"column":2},"end":{"line":2,"column":22}},"5":{"start":{"line":2,"column":12},"end":{"line":2,"column":22}},"6":{"start":{"line":3,"column":2},"end":{"line":3,"column":66}},"7":{"start":{"line":7,"column":2},"end":{"line":7,"column":42}},"8":{"start":{"line":11,"column":2},"end":{"line":11,"column":39}},"9":{"start":{"line":11,"column":28},"end":{"line":11,"column":39}},"10":{"start":{"line":12,"column":2},"end":{"line":12,"column":38}},"11":{"start":{"line":16,"column":19},"end":{"line":16,"column":58}},"12":{"start":{"line":17,"column":2},"end":{"line":17,"column":60}}},"fnMap":{"0":{"name":"capitalize","decl":{"start":{"line":1,"column":16},"end":{"line":1,"column":26}},"loc":{"start":{"line":1,"column":38},"end":{"line":4,"column":1}}},"1":{"name":"reverse","decl":{"start":{"line":6,"column":16},"end":{"line":6,"column":23}},"loc":{"start":{"line":6,"column":35},"end":{"line":8,"column":1}}},"2":{"name":"truncate","decl":{"start":{"line":10,"column":16},"end":{"line":10,"column":24}},"loc":{"start":{"line":10,"column":52},"end":{"line":13,"column":1}}},"3":{"name":"isPalindrome","decl":{"start":{"line":15,"column":16},"end":{"line":15,"column":28}},"loc":{"start":{"line":15,"column":40},"end":{"line":18,"column":1}}}},"branchMap":{"0":{"loc":{"start":{"line":2,"column":2},"end":{"line":2,"column":22}},"type":"if","locations":[{"start":{"line":2,"column":2},"end":{"line":2,"column":22}},{"start":{},"end":{}}]},"1":{"loc":{"start":{"line":11,"column":2},"end":{"line":11,"column":39}},"type":"if","locations":[{"start":{"line":11,"column":2},"end":{"line":11,"column":39}},{"start":{},"end":{}}]}},"s":{"0":1,"1":1,"2":1,"3":1,"4":6,"5":3,"6":3,"7":3,"8":3,"9":2,"10":1,"11":11,"12":11},"f":{"0":6,"1":3,"2":3,"3":11},"b":{"0":[3,3],"1":[2,1]}}
}
