TN:
SF:src/calculator.ts
FN:2,(anonymous_0)
FN:6,(anonymous_1)
FN:10,(anonymous_2)
FN:14,(anonymous_3)
FN:21,(anonymous_4)
FNF:5
FNH:1
FNDA:1,(anonymous_0)
FNDA:0,(anonymous_1)
FNDA:0,(anonymous_2)
FNDA:0,(anonymous_3)
FNDA:0,(anonymous_4)
DA:1,1
DA:3,1
DA:7,0
DA:11,0
DA:15,0
DA:16,0
DA:18,0
DA:22,0
LF:8
LH:2
BRDA:15,0,0,0
BRF:1
BRH:0
end_of_record
TN:
SF:src/string-utils.ts
FN:1,capitalize
FN:6,reverse
FN:10,truncate
FN:15,isPalindrome
FNF:4
FNH:1
FNDA:2,capitalize
FNDA:0,reverse
FNDA:0,truncate
FNDA:0,isPalindrome
DA:1,1
DA:2,2
DA:3,1
DA:6,1
DA:7,0
DA:10,1
DA:11,0
DA:12,0
DA:15,1
DA:16,0
DA:17,0
LF:11
LH:6
BRDA:2,0,0,1
BRDA:11,1,0,0
BRF:2
BRH:1
end_of_record
